<?xml version="1.0" encoding="UTF-8"?>
<coverage generated="1698043124538" clover="3.2.0">
  <project timestamp="1698043124538" name="All files">
    <metrics statements="75" coveredstatements="74" conditionals="50" coveredconditionals="47" methods="31" coveredmethods="30" elements="156" coveredelements="151" complexity="0" loc="75" ncloc="75" packages="3" files="3" classes="3"/>
    <package name="utils">
      <metrics statements="11" coveredstatements="11" conditionals="8" coveredconditionals="7" methods="2" coveredmethods="2"/>
      <file name="deep_copy.js" path="C:\arcanum\cs-150-laboratory-exercises\Lab Exercise 3\utils\deep_copy.js">
        <metrics statements="11" coveredstatements="11" conditionals="8" coveredconditionals="7" methods="2" coveredmethods="2"/>
        <line num="2" count="2" type="stmt"/>
        <line num="4" count="808" type="cond" truecount="4" falsecount="0"/>
        <line num="5" count="553" type="stmt"/>
        <line num="7" count="255" type="cond" truecount="2" falsecount="0"/>
        <line num="8" count="786" type="stmt"/>
        <line num="10" count="6" type="stmt"/>
        <line num="11" count="6" type="stmt"/>
        <line num="12" count="16" type="cond" truecount="1" falsecount="1"/>
        <line num="13" count="16" type="stmt"/>
        <line num="16" count="6" type="stmt"/>
        <line num="18" count="2" type="stmt"/>
      </file>
    </package>
    <package name="utils.day_based_schedule">
      <metrics statements="46" coveredstatements="46" conditionals="32" coveredconditionals="31" methods="20" coveredmethods="20"/>
      <file name="day_based_schedule.js" path="C:\arcanum\cs-150-laboratory-exercises\Lab Exercise 3\utils\day_based_schedule\day_based_schedule.js">
        <metrics statements="46" coveredstatements="46" conditionals="32" coveredconditionals="31" methods="20" coveredmethods="20"/>
        <line num="2" count="1" type="stmt"/>
        <line num="13" count="43" type="stmt"/>
        <line num="14" count="43" type="stmt"/>
        <line num="16" count="43" type="stmt"/>
        <line num="17" count="43" type="stmt"/>
        <line num="20" count="43" type="stmt"/>
        <line num="21" count="43" type="stmt"/>
        <line num="23" count="43" type="cond" truecount="6" falsecount="0"/>
        <line num="32" count="55" type="stmt"/>
        <line num="39" count="52" type="stmt"/>
        <line num="46" count="52" type="stmt"/>
        <line num="56" count="17" type="stmt"/>
        <line num="57" count="35" type="cond" truecount="2" falsecount="0"/>
        <line num="58" count="22" type="stmt"/>
        <line num="59" count="22" type="stmt"/>
        <line num="60" count="22" type="cond" truecount="4" falsecount="0"/>
        <line num="61" count="7" type="stmt"/>
        <line num="65" count="10" type="stmt"/>
        <line num="81" count="50" type="stmt"/>
        <line num="82" count="50" type="stmt"/>
        <line num="83" count="141" type="cond" truecount="4" falsecount="0"/>
        <line num="84" count="14" type="stmt"/>
        <line num="85" count="14" type="stmt"/>
        <line num="88" count="127" type="stmt"/>
        <line num="91" count="50" type="stmt"/>
        <line num="104" count="340" type="cond" truecount="3" falsecount="1"/>
        <line num="105" count="79" type="cond" truecount="2" falsecount="0"/>
        <line num="117" count="118" type="stmt"/>
        <line num="118" count="118" type="stmt"/>
        <line num="119" count="118" type="cond" truecount="2" falsecount="0"/>
        <line num="133" count="104" type="stmt"/>
        <line num="134" count="104" type="stmt"/>
        <line num="147" count="106" type="stmt"/>
        <line num="148" count="106" type="cond" truecount="4" falsecount="0"/>
        <line num="149" count="56" type="stmt"/>
        <line num="151" count="106" type="cond" truecount="4" falsecount="0"/>
        <line num="152" count="2" type="stmt"/>
        <line num="154" count="106" type="stmt"/>
        <line num="164" count="49" type="stmt"/>
        <line num="181" count="7" type="stmt"/>
        <line num="191" count="14" type="stmt"/>
        <line num="201" count="14" type="stmt"/>
        <line num="212" count="18" type="stmt"/>
        <line num="222" count="8" type="stmt"/>
        <line num="232" count="5" type="stmt"/>
        <line num="236" count="1" type="stmt"/>
      </file>
    </package>
    <package name="utils.ge_courses">
      <metrics statements="18" coveredstatements="17" conditionals="10" coveredconditionals="9" methods="9" coveredmethods="8"/>
      <file name="ge_courses.js" path="C:\arcanum\cs-150-laboratory-exercises\Lab Exercise 3\utils\ge_courses\ge_courses.js">
        <metrics statements="18" coveredstatements="17" conditionals="10" coveredconditionals="9" methods="9" coveredmethods="8"/>
        <line num="2" count="1" type="cond" truecount="3" falsecount="0"/>
        <line num="3" count="1" type="cond" truecount="3" falsecount="1"/>
        <line num="5" count="1" type="stmt"/>
        <line num="6" count="1" type="stmt"/>
        <line num="7" count="1" type="stmt"/>
        <line num="24" count="1" type="stmt"/>
        <line num="36" count="1" type="stmt"/>
        <line num="38" count="83" type="stmt"/>
        <line num="39" count="82" type="stmt"/>
        <line num="47" count="2" type="cond" truecount="2" falsecount="0"/>
        <line num="48" count="1" type="stmt"/>
        <line num="50" count="2" type="stmt"/>
        <line num="62" count="0" type="stmt"/>
        <line num="72" count="2" type="stmt"/>
        <line num="78" count="1" type="stmt"/>
        <line num="86" count="3" type="stmt"/>
        <line num="94" count="1" type="stmt"/>
        <line num="95" count="1" type="stmt"/>
      </file>
    </package>
  </project>
</coverage>
