<?xml version="1.0" encoding="UTF-8"?>
<coverage generated="1698128503943" clover="3.2.0">
  <project timestamp="1698128503943" name="All files">
    <metrics statements="143" coveredstatements="136" conditionals="95" coveredconditionals="83" methods="46" coveredmethods="45" elements="284" coveredelements="264" complexity="0" loc="143" ncloc="143" packages="4" files="4" classes="4"/>
    <package name="Lab Exercise 3">
      <metrics statements="54" coveredstatements="47" conditionals="26" coveredconditionals="20" methods="13" coveredmethods="12"/>
      <file name="index.js" path="C:\arcanum\cs-150-laboratory-exercises\Lab Exercise 3\index.js">
        <metrics statements="54" coveredstatements="47" conditionals="26" coveredconditionals="20" methods="13" coveredmethods="12"/>
        <line num="2" count="1" type="cond" truecount="3" falsecount="0"/>
        <line num="3" count="2" type="cond" truecount="3" falsecount="1"/>
        <line num="5" count="1" type="stmt"/>
        <line num="6" count="1" type="stmt"/>
        <line num="8" count="1" type="stmt"/>
        <line num="9" count="1" type="stmt"/>
        <line num="21" count="87" type="stmt"/>
        <line num="22" count="87" type="stmt"/>
        <line num="23" count="87" type="stmt"/>
        <line num="37" count="4" type="stmt"/>
        <line num="38" count="5" type="stmt"/>
        <line num="39" count="7" type="cond" truecount="2" falsecount="0"/>
        <line num="40" count="2" type="stmt"/>
        <line num="44" count="2" type="stmt"/>
        <line num="52" count="34" type="stmt"/>
        <line num="61" count="1" type="stmt"/>
        <line num="72" count="25" type="stmt"/>
        <line num="73" count="25" type="cond" truecount="1" falsecount="1"/>
        <line num="74" count="25" type="stmt"/>
        <line num="75" count="30" type="stmt"/>
        <line num="78" count="25" type="cond" truecount="6" falsecount="2"/>
        <line num="94" count="11" type="stmt"/>
        <line num="104" count="26" type="stmt"/>
        <line num="105" count="26" type="stmt"/>
        <line num="106" count="35" type="stmt"/>
        <line num="108" count="26" type="stmt"/>
        <line num="111" count="1" type="stmt"/>
        <line num="122" count="12" type="cond" truecount="2" falsecount="0"/>
        <line num="123" count="1" type="stmt"/>
        <line num="125" count="11" type="stmt"/>
        <line num="126" count="11" type="stmt"/>
        <line num="128" count="60" type="stmt"/>
        <line num="131" count="60" type="stmt"/>
        <line num="133" count="60" type="stmt"/>
        <line num="134" count="60" type="stmt"/>
        <line num="136" count="75" type="stmt"/>
        <line num="137" count="75" type="stmt"/>
        <line num="140" count="60" type="stmt"/>
        <line num="142" count="11" type="stmt"/>
        <line num="144" count="1" type="stmt"/>
        <line num="154" count="5" type="stmt"/>
        <line num="155" count="5" type="stmt"/>
        <line num="156" count="30" type="cond" truecount="2" falsecount="0"/>
        <line num="157" count="25" type="stmt"/>
        <line num="160" count="5" type="stmt"/>
        <line num="162" count="1" type="stmt"/>
        <line num="172" count="0" type="stmt"/>
        <line num="173" count="0" type="stmt"/>
        <line num="174" count="0" type="stmt"/>
        <line num="175" count="0" type="cond" truecount="0" falsecount="2"/>
        <line num="176" count="0" type="stmt"/>
        <line num="177" count="0" type="stmt"/>
        <line num="182" count="0" type="stmt"/>
        <line num="184" count="1" type="stmt"/>
      </file>
    </package>
    <package name="Lab Exercise 3.utils">
      <metrics statements="11" coveredstatements="11" conditionals="8" coveredconditionals="7" methods="2" coveredmethods="2"/>
      <file name="deep_copy.js" path="C:\arcanum\cs-150-laboratory-exercises\Lab Exercise 3\utils\deep_copy.js">
        <metrics statements="11" coveredstatements="11" conditionals="8" coveredconditionals="7" methods="2" coveredmethods="2"/>
        <line num="2" count="4" type="stmt"/>
        <line num="4" count="1146" type="cond" truecount="4" falsecount="0"/>
        <line num="5" count="785" type="stmt"/>
        <line num="7" count="361" type="cond" truecount="2" falsecount="0"/>
        <line num="8" count="1082" type="stmt"/>
        <line num="10" count="12" type="stmt"/>
        <line num="11" count="12" type="stmt"/>
        <line num="12" count="34" type="cond" truecount="1" falsecount="1"/>
        <line num="13" count="34" type="stmt"/>
        <line num="16" count="12" type="stmt"/>
        <line num="18" count="4" type="stmt"/>
      </file>
    </package>
    <package name="Lab Exercise 3.utils.day_based_schedule">
      <metrics statements="50" coveredstatements="50" conditionals="47" coveredconditionals="43" methods="22" coveredmethods="22"/>
      <file name="day_based_schedule.js" path="C:\arcanum\cs-150-laboratory-exercises\Lab Exercise 3\utils\day_based_schedule\day_based_schedule.js">
        <metrics statements="50" coveredstatements="50" conditionals="47" coveredconditionals="43" methods="22" coveredmethods="22"/>
        <line num="2" count="2" type="cond" truecount="3" falsecount="0"/>
        <line num="3" count="2" type="cond" truecount="3" falsecount="1"/>
        <line num="5" count="2" type="stmt"/>
        <line num="6" count="2" type="stmt"/>
        <line num="17" count="185" type="stmt"/>
        <line num="18" count="185" type="stmt"/>
        <line num="20" count="185" type="stmt"/>
        <line num="21" count="185" type="stmt"/>
        <line num="24" count="185" type="stmt"/>
        <line num="25" count="185" type="stmt"/>
        <line num="27" count="185" type="cond" truecount="6" falsecount="0"/>
        <line num="38" count="24" type="stmt"/>
        <line num="39" count="45" type="cond" truecount="2" falsecount="0"/>
        <line num="40" count="25" type="stmt"/>
        <line num="41" count="25" type="stmt"/>
        <line num="42" count="25" type="cond" truecount="4" falsecount="0"/>
        <line num="43" count="9" type="stmt"/>
        <line num="47" count="15" type="stmt"/>
        <line num="58" count="65" type="cond" truecount="6" falsecount="2"/>
        <line num="74" count="192" type="stmt"/>
        <line num="75" count="192" type="stmt"/>
        <line num="76" count="361" type="cond" truecount="4" falsecount="0"/>
        <line num="77" count="82" type="stmt"/>
        <line num="78" count="82" type="stmt"/>
        <line num="81" count="279" type="stmt"/>
        <line num="84" count="192" type="stmt"/>
        <line num="99" count="1300" type="cond" truecount="3" falsecount="1"/>
        <line num="100" count="339" type="cond" truecount="2" falsecount="0"/>
        <line num="114" count="402" type="stmt"/>
        <line num="115" count="402" type="stmt"/>
        <line num="116" count="402" type="cond" truecount="2" falsecount="0"/>
        <line num="132" count="388" type="stmt"/>
        <line num="133" count="388" type="stmt"/>
        <line num="146" count="118" type="stmt"/>
        <line num="147" count="118" type="cond" truecount="4" falsecount="0"/>
        <line num="148" count="66" type="stmt"/>
        <line num="150" count="118" type="cond" truecount="4" falsecount="0"/>
        <line num="151" count="2" type="stmt"/>
        <line num="153" count="118" type="stmt"/>
        <line num="163" count="55" type="stmt"/>
        <line num="178" count="17" type="stmt"/>
        <line num="185" count="3" type="stmt"/>
        <line num="192" count="3" type="stmt"/>
        <line num="201" count="7" type="stmt"/>
        <line num="211" count="14" type="stmt"/>
        <line num="221" count="14" type="stmt"/>
        <line num="232" count="18" type="stmt"/>
        <line num="242" count="8" type="stmt"/>
        <line num="252" count="5" type="stmt"/>
        <line num="256" count="2" type="stmt"/>
      </file>
    </package>
    <package name="Lab Exercise 3.utils.ge_courses">
      <metrics statements="28" coveredstatements="28" conditionals="14" coveredconditionals="13" methods="9" coveredmethods="9"/>
      <file name="ge_courses.js" path="C:\arcanum\cs-150-laboratory-exercises\Lab Exercise 3\utils\ge_courses\ge_courses.js">
        <metrics statements="28" coveredstatements="28" conditionals="14" coveredconditionals="13" methods="9" coveredmethods="9"/>
        <line num="2" count="2" type="cond" truecount="3" falsecount="0"/>
        <line num="3" count="2" type="cond" truecount="3" falsecount="1"/>
        <line num="5" count="2" type="stmt"/>
        <line num="6" count="2" type="stmt"/>
        <line num="7" count="2" type="stmt"/>
        <line num="24" count="2" type="stmt"/>
        <line num="36" count="2" type="stmt"/>
        <line num="38" count="166" type="stmt"/>
        <line num="39" count="164" type="stmt"/>
        <line num="47" count="89" type="cond" truecount="2" falsecount="0"/>
        <line num="48" count="2" type="stmt"/>
        <line num="50" count="89" type="stmt"/>
        <line num="63" count="125" type="stmt"/>
        <line num="66" count="125" type="stmt"/>
        <line num="67" count="6719" type="stmt"/>
        <line num="68" count="6719" type="stmt"/>
        <line num="69" count="6719" type="stmt"/>
        <line num="70" count="6902" type="cond" truecount="2" falsecount="0"/>
        <line num="71" count="6629" type="stmt"/>
        <line num="73" count="273" type="stmt"/>
        <line num="74" count="273" type="cond" truecount="2" falsecount="0"/>
        <line num="75" count="90" type="stmt"/>
        <line num="79" count="35" type="stmt"/>
        <line num="89" count="2" type="stmt"/>
        <line num="95" count="1" type="stmt"/>
        <line num="103" count="4" type="stmt"/>
        <line num="111" count="2" type="stmt"/>
        <line num="112" count="2" type="stmt"/>
      </file>
    </package>
  </project>
</coverage>
