{"C:\\arcanum\\cs-150-laboratory-exercises\\Lab Exercise 3\\utils\\day_based_schedule\\day_based_schedule.js": {"path":"C:\\arcanum\\cs-150-laboratory-exercises\\Lab Exercise 3\\utils\\day_based_schedule\\day_based_schedule.js","statementMap":{"0":{"start":{"line":2,"column":0},"end":{"line":2,"column":62}},"1":{"start":{"line":13,"column":8},"end":{"line":13,"column":33}},"2":{"start":{"line":14,"column":8},"end":{"line":14,"column":33}},"3":{"start":{"line":16,"column":8},"end":{"line":16,"column":54}},"4":{"start":{"line":17,"column":27},"end":{"line":17,"column":51}},"5":{"start":{"line":20,"column":24},"end":{"line":20,"column":48}},"6":{"start":{"line":21,"column":8},"end":{"line":21,"column":65}},"7":{"start":{"line":21,"column":54},"end":{"line":21,"column":63}},"8":{"start":{"line":23,"column":8},"end":{"line":23,"column":179}},"9":{"start":{"line":23,"column":68},"end":{"line":23,"column":175}},"10":{"start":{"line":32,"column":17},"end":{"line":32,"column":40}},"11":{"start":{"line":39,"column":22},"end":{"line":39,"column":64}},"12":{"start":{"line":46,"column":20},"end":{"line":46,"column":60}},"13":{"start":{"line":56,"column":8},"end":{"line":64,"column":9}},"14":{"start":{"line":57,"column":12},"end":{"line":63,"column":13}},"15":{"start":{"line":58,"column":51},"end":{"line":58,"column":87}},"16":{"start":{"line":59,"column":53},"end":{"line":59,"column":90}},"17":{"start":{"line":60,"column":16},"end":{"line":62,"column":17}},"18":{"start":{"line":61,"column":20},"end":{"line":61,"column":32}},"19":{"start":{"line":65,"column":8},"end":{"line":65,"column":21}},"20":{"start":{"line":81,"column":19},"end":{"line":81,"column":21}},"21":{"start":{"line":82,"column":8},"end":{"line":90,"column":9}},"22":{"start":{"line":82,"column":21},"end":{"line":82,"column":22}},"23":{"start":{"line":83,"column":12},"end":{"line":89,"column":13}},"24":{"start":{"line":84,"column":16},"end":{"line":84,"column":32}},"25":{"start":{"line":85,"column":16},"end":{"line":85,"column":20}},"26":{"start":{"line":88,"column":16},"end":{"line":88,"column":38}},"27":{"start":{"line":91,"column":8},"end":{"line":91,"column":20}},"28":{"start":{"line":104,"column":21},"end":{"line":104,"column":124}},"29":{"start":{"line":104,"column":106},"end":{"line":104,"column":120}},"30":{"start":{"line":105,"column":8},"end":{"line":105,"column":52}},"31":{"start":{"line":117,"column":30},"end":{"line":117,"column":38}},"32":{"start":{"line":118,"column":29},"end":{"line":118,"column":56}},"33":{"start":{"line":119,"column":8},"end":{"line":119,"column":77}},"34":{"start":{"line":133,"column":29},"end":{"line":133,"column":58}},"35":{"start":{"line":134,"column":8},"end":{"line":138,"column":10}},"36":{"start":{"line":147,"column":22},"end":{"line":147,"column":50}},"37":{"start":{"line":148,"column":8},"end":{"line":150,"column":9}},"38":{"start":{"line":149,"column":12},"end":{"line":149,"column":31}},"39":{"start":{"line":151,"column":8},"end":{"line":153,"column":9}},"40":{"start":{"line":152,"column":12},"end":{"line":152,"column":31}},"41":{"start":{"line":154,"column":8},"end":{"line":154,"column":23}},"42":{"start":{"line":164,"column":8},"end":{"line":167,"column":10}},"43":{"start":{"line":181,"column":8},"end":{"line":181,"column":42}},"44":{"start":{"line":191,"column":8},"end":{"line":191,"column":41}},"45":{"start":{"line":201,"column":8},"end":{"line":201,"column":45}},"46":{"start":{"line":212,"column":8},"end":{"line":212,"column":50}},"47":{"start":{"line":222,"column":8},"end":{"line":222,"column":51}},"48":{"start":{"line":232,"column":8},"end":{"line":232,"column":53}},"49":{"start":{"line":236,"column":0},"end":{"line":236,"column":35}}},"fnMap":{"0":{"name":"(anonymous_0)","decl":{"start":{"line":12,"column":4},"end":{"line":12,"column":5}},"loc":{"start":{"line":12,"column":36},"end":{"line":24,"column":5}},"line":12},"1":{"name":"(anonymous_1)","decl":{"start":{"line":21,"column":48},"end":{"line":21,"column":49}},"loc":{"start":{"line":21,"column":54},"end":{"line":21,"column":63}},"line":21},"2":{"name":"(anonymous_2)","decl":{"start":{"line":23,"column":52},"end":{"line":23,"column":53}},"loc":{"start":{"line":23,"column":58},"end":{"line":23,"column":177}},"line":23},"3":{"name":"(anonymous_3)","decl":{"start":{"line":32,"column":4},"end":{"line":32,"column":5}},"loc":{"start":{"line":32,"column":15},"end":{"line":32,"column":42}},"line":32},"4":{"name":"(anonymous_4)","decl":{"start":{"line":39,"column":4},"end":{"line":39,"column":5}},"loc":{"start":{"line":39,"column":20},"end":{"line":39,"column":66}},"line":39},"5":{"name":"(anonymous_5)","decl":{"start":{"line":46,"column":4},"end":{"line":46,"column":5}},"loc":{"start":{"line":46,"column":18},"end":{"line":46,"column":62}},"line":46},"6":{"name":"(anonymous_6)","decl":{"start":{"line":55,"column":4},"end":{"line":55,"column":5}},"loc":{"start":{"line":55,"column":23},"end":{"line":66,"column":5}},"line":55},"7":{"name":"(anonymous_7)","decl":{"start":{"line":80,"column":4},"end":{"line":80,"column":5}},"loc":{"start":{"line":80,"column":26},"end":{"line":92,"column":5}},"line":80},"8":{"name":"(anonymous_8)","decl":{"start":{"line":102,"column":4},"end":{"line":102,"column":5}},"loc":{"start":{"line":102,"column":25},"end":{"line":106,"column":5}},"line":102},"9":{"name":"(anonymous_9)","decl":{"start":{"line":104,"column":99},"end":{"line":104,"column":100}},"loc":{"start":{"line":104,"column":106},"end":{"line":104,"column":120}},"line":104},"10":{"name":"(anonymous_10)","decl":{"start":{"line":116,"column":4},"end":{"line":116,"column":5}},"loc":{"start":{"line":116,"column":29},"end":{"line":120,"column":5}},"line":116},"11":{"name":"(anonymous_11)","decl":{"start":{"line":132,"column":4},"end":{"line":132,"column":5}},"loc":{"start":{"line":132,"column":34},"end":{"line":139,"column":5}},"line":132},"12":{"name":"(anonymous_12)","decl":{"start":{"line":146,"column":4},"end":{"line":146,"column":5}},"loc":{"start":{"line":146,"column":35},"end":{"line":155,"column":5}},"line":146},"13":{"name":"(anonymous_13)","decl":{"start":{"line":163,"column":4},"end":{"line":163,"column":5}},"loc":{"start":{"line":163,"column":37},"end":{"line":168,"column":5}},"line":163},"14":{"name":"(anonymous_14)","decl":{"start":{"line":180,"column":4},"end":{"line":180,"column":5}},"loc":{"start":{"line":180,"column":31},"end":{"line":182,"column":5}},"line":180},"15":{"name":"(anonymous_15)","decl":{"start":{"line":190,"column":4},"end":{"line":190,"column":5}},"loc":{"start":{"line":190,"column":30},"end":{"line":192,"column":5}},"line":190},"16":{"name":"(anonymous_16)","decl":{"start":{"line":200,"column":4},"end":{"line":200,"column":5}},"loc":{"start":{"line":200,"column":34},"end":{"line":202,"column":5}},"line":200},"17":{"name":"(anonymous_17)","decl":{"start":{"line":211,"column":4},"end":{"line":211,"column":5}},"loc":{"start":{"line":211,"column":39},"end":{"line":213,"column":5}},"line":211},"18":{"name":"(anonymous_18)","decl":{"start":{"line":221,"column":4},"end":{"line":221,"column":5}},"loc":{"start":{"line":221,"column":40},"end":{"line":223,"column":5}},"line":221},"19":{"name":"(anonymous_19)","decl":{"start":{"line":231,"column":4},"end":{"line":231,"column":5}},"loc":{"start":{"line":231,"column":42},"end":{"line":233,"column":5}},"line":231}},"branchMap":{"0":{"loc":{"start":{"line":23,"column":75},"end":{"line":23,"column":174}},"type":"cond-expr","locations":[{"start":{"line":23,"column":96},"end":{"line":23,"column":100}},{"start":{"line":23,"column":103},"end":{"line":23,"column":174}}],"line":23},"1":{"loc":{"start":{"line":23,"column":103},"end":{"line":23,"column":174}},"type":"cond-expr","locations":[{"start":{"line":23,"column":165},"end":{"line":23,"column":167}},{"start":{"line":23,"column":170},"end":{"line":23,"column":174}}],"line":23},"2":{"loc":{"start":{"line":23,"column":103},"end":{"line":23,"column":162}},"type":"binary-expr","locations":[{"start":{"line":23,"column":103},"end":{"line":23,"column":145}},{"start":{"line":23,"column":149},"end":{"line":23,"column":162}}],"line":23},"3":{"loc":{"start":{"line":57,"column":12},"end":{"line":63,"column":13}},"type":"if","locations":[{"start":{"line":57,"column":12},"end":{"line":63,"column":13}},{"start":{},"end":{}}],"line":57},"4":{"loc":{"start":{"line":60,"column":16},"end":{"line":62,"column":17}},"type":"if","locations":[{"start":{"line":60,"column":16},"end":{"line":62,"column":17}},{"start":{},"end":{}}],"line":60},"5":{"loc":{"start":{"line":60,"column":20},"end":{"line":60,"column":80}},"type":"binary-expr","locations":[{"start":{"line":60,"column":20},"end":{"line":60,"column":48}},{"start":{"line":60,"column":52},"end":{"line":60,"column":80}}],"line":60},"6":{"loc":{"start":{"line":83,"column":12},"end":{"line":89,"column":13}},"type":"if","locations":[{"start":{"line":83,"column":12},"end":{"line":89,"column":13}},{"start":{"line":87,"column":17},"end":{"line":89,"column":13}}],"line":83},"7":{"loc":{"start":{"line":83,"column":16},"end":{"line":83,"column":60}},"type":"binary-expr","locations":[{"start":{"line":83,"column":16},"end":{"line":83,"column":34}},{"start":{"line":83,"column":38},"end":{"line":83,"column":60}}],"line":83},"8":{"loc":{"start":{"line":104,"column":21},"end":{"line":104,"column":124}},"type":"cond-expr","locations":[{"start":{"line":104,"column":80},"end":{"line":104,"column":86}},{"start":{"line":104,"column":89},"end":{"line":104,"column":124}}],"line":104},"9":{"loc":{"start":{"line":104,"column":21},"end":{"line":104,"column":77}},"type":"binary-expr","locations":[{"start":{"line":104,"column":21},"end":{"line":104,"column":60}},{"start":{"line":104,"column":64},"end":{"line":104,"column":77}}],"line":104},"10":{"loc":{"start":{"line":105,"column":15},"end":{"line":105,"column":51}},"type":"cond-expr","locations":[{"start":{"line":105,"column":38},"end":{"line":105,"column":42}},{"start":{"line":105,"column":45},"end":{"line":105,"column":51}}],"line":105},"11":{"loc":{"start":{"line":119,"column":32},"end":{"line":119,"column":75}},"type":"cond-expr","locations":[{"start":{"line":119,"column":55},"end":{"line":119,"column":56}},{"start":{"line":119,"column":59},"end":{"line":119,"column":75}}],"line":119},"12":{"loc":{"start":{"line":148,"column":8},"end":{"line":150,"column":9}},"type":"if","locations":[{"start":{"line":148,"column":8},"end":{"line":150,"column":9}},{"start":{},"end":{}}],"line":148},"13":{"loc":{"start":{"line":148,"column":12},"end":{"line":148,"column":52}},"type":"binary-expr","locations":[{"start":{"line":148,"column":12},"end":{"line":148,"column":32}},{"start":{"line":148,"column":36},"end":{"line":148,"column":52}}],"line":148},"14":{"loc":{"start":{"line":151,"column":8},"end":{"line":153,"column":9}},"type":"if","locations":[{"start":{"line":151,"column":8},"end":{"line":153,"column":9}},{"start":{},"end":{}}],"line":151},"15":{"loc":{"start":{"line":151,"column":12},"end":{"line":151,"column":52}},"type":"binary-expr","locations":[{"start":{"line":151,"column":12},"end":{"line":151,"column":32}},{"start":{"line":151,"column":36},"end":{"line":151,"column":52}}],"line":151}},"s":{"0":1,"1":43,"2":43,"3":43,"4":43,"5":43,"6":43,"7":43,"8":43,"9":43,"10":55,"11":52,"12":52,"13":17,"14":35,"15":22,"16":22,"17":22,"18":7,"19":10,"20":50,"21":50,"22":50,"23":141,"24":14,"25":14,"26":127,"27":50,"28":79,"29":340,"30":79,"31":118,"32":118,"33":118,"34":104,"35":104,"36":106,"37":106,"38":56,"39":106,"40":2,"41":106,"42":49,"43":7,"44":14,"45":14,"46":18,"47":8,"48":5,"49":1},"f":{"0":43,"1":43,"2":43,"3":55,"4":52,"5":52,"6":17,"7":50,"8":79,"9":340,"10":118,"11":104,"12":106,"13":49,"14":7,"15":14,"16":14,"17":18,"18":8,"19":5},"b":{"0":[21,22],"1":[6,16],"2":[22,6],"3":[22,13],"4":[7,15],"5":[22,15],"6":[14,127],"7":[141,24],"8":[0,79],"9":[79,79],"10":[22,57],"11":[55,63],"12":[56,50],"13":[106,59],"14":[2,104],"15":[106,47]},"inputSourceMap":null,"_coverageSchema":"1a1c01bbd47fc00a2c39e90264f33305004495a9","hash":"b0270534bf8671a93b444405510e5779b6028ece"}
,"C:\\arcanum\\cs-150-laboratory-exercises\\Lab Exercise 3\\utils\\ge_courses\\ge_courses.js": {"path":"C:\\arcanum\\cs-150-laboratory-exercises\\Lab Exercise 3\\utils\\ge_courses\\ge_courses.js","statementMap":{"0":{"start":{"line":2,"column":0},"end":{"line":2,"column":62}},"1":{"start":{"line":3,"column":13},"end":{"line":3,"column":26}},"2":{"start":{"line":15,"column":0},"end":{"line":15,"column":64}},"3":{"start":{"line":23,"column":0},"end":{"line":25,"column":37}},"4":{"start":{"line":25,"column":20},"end":{"line":25,"column":35}},"5":{"start":{"line":26,"column":0},"end":{"line":26,"column":28}}},"fnMap":{"0":{"name":"(anonymous_0)","decl":{"start":{"line":13,"column":4},"end":{"line":13,"column":5}},"loc":{"start":{"line":13,"column":18},"end":{"line":13,"column":21}},"line":13},"1":{"name":"(anonymous_1)","decl":{"start":{"line":25,"column":12},"end":{"line":25,"column":13}},"loc":{"start":{"line":25,"column":20},"end":{"line":25,"column":35}},"line":25}},"branchMap":{},"s":{"0":1,"1":1,"2":1,"3":1,"4":84,"5":1},"f":{"0":0,"1":84},"b":{},"inputSourceMap":null,"_coverageSchema":"1a1c01bbd47fc00a2c39e90264f33305004495a9","hash":"b0371f14a000129ce5a6b326df037221d244fa35"}
}
