{"C:\\arcanum\\cs-150-laboratory-exercises\\Lab Exercise 3\\index.js": {"path":"C:\\arcanum\\cs-150-laboratory-exercises\\Lab Exercise 3\\index.js","statementMap":{"0":{"start":{"line":2,"column":22},"end":{"line":4,"column":1}},"1":{"start":{"line":3,"column":4},"end":{"line":3,"column":62}},"2":{"start":{"line":5,"column":0},"end":{"line":5,"column":62}},"3":{"start":{"line":6,"column":0},"end":{"line":6,"column":74}},"4":{"start":{"line":7,"column":29},"end":{"line":7,"column":102}},"5":{"start":{"line":10,"column":21},"end":{"line":14,"column":33}},"6":{"start":{"line":26,"column":8},"end":{"line":26,"column":43}},"7":{"start":{"line":27,"column":8},"end":{"line":27,"column":53}},"8":{"start":{"line":39,"column":25},"end":{"line":39,"column":51}},"9":{"start":{"line":51,"column":8},"end":{"line":51,"column":44}},"10":{"start":{"line":65,"column":8},"end":{"line":71,"column":9}},"11":{"start":{"line":66,"column":12},"end":{"line":70,"column":13}},"12":{"start":{"line":67,"column":16},"end":{"line":69,"column":17}},"13":{"start":{"line":68,"column":20},"end":{"line":68,"column":32}},"14":{"start":{"line":72,"column":8},"end":{"line":72,"column":21}},"15":{"start":{"line":75,"column":8},"end":{"line":75,"column":20}},"16":{"start":{"line":85,"column":8},"end":{"line":85,"column":20}},"17":{"start":{"line":88,"column":0},"end":{"line":88,"column":26}},"18":{"start":{"line":99,"column":4},"end":{"line":101,"column":5}},"19":{"start":{"line":100,"column":8},"end":{"line":100,"column":18}},"20":{"start":{"line":102,"column":19},"end":{"line":102,"column":21}},"21":{"start":{"line":103,"column":4},"end":{"line":118,"column":7}},"22":{"start":{"line":105,"column":8},"end":{"line":105,"column":27}},"23":{"start":{"line":108,"column":45},"end":{"line":108,"column":60}},"24":{"start":{"line":110,"column":32},"end":{"line":110,"column":34}},"25":{"start":{"line":111,"column":8},"end":{"line":115,"column":9}},"26":{"start":{"line":113,"column":31},"end":{"line":113,"column":54}},"27":{"start":{"line":114,"column":12},"end":{"line":114,"column":81}},"28":{"start":{"line":117,"column":8},"end":{"line":117,"column":75}},"29":{"start":{"line":119,"column":4},"end":{"line":119,"column":20}},"30":{"start":{"line":121,"column":0},"end":{"line":121,"column":32}},"31":{"start":{"line":131,"column":4},"end":{"line":131,"column":14}},"32":{"start":{"line":133,"column":0},"end":{"line":133,"column":24}},"33":{"start":{"line":143,"column":4},"end":{"line":143,"column":14}},"34":{"start":{"line":145,"column":0},"end":{"line":145,"column":48}},"35":{"start":{"line":147,"column":0},"end":{"line":147,"column":25}},"36":{"start":{"line":148,"column":17},"end":{"line":148,"column":70}},"37":{"start":{"line":149,"column":16},"end":{"line":149,"column":58}}},"fnMap":{"0":{"name":"(anonymous_0)","decl":{"start":{"line":2,"column":56},"end":{"line":2,"column":57}},"loc":{"start":{"line":2,"column":71},"end":{"line":4,"column":1}},"line":2},"1":{"name":"(anonymous_1)","decl":{"start":{"line":25,"column":4},"end":{"line":25,"column":5}},"loc":{"start":{"line":25,"column":51},"end":{"line":28,"column":5}},"line":25},"2":{"name":"(anonymous_2)","decl":{"start":{"line":39,"column":4},"end":{"line":39,"column":5}},"loc":{"start":{"line":39,"column":23},"end":{"line":39,"column":53}},"line":39},"3":{"name":"(anonymous_3)","decl":{"start":{"line":46,"column":4},"end":{"line":46,"column":5}},"loc":{"start":{"line":46,"column":28},"end":{"line":52,"column":5}},"line":46},"4":{"name":"(anonymous_4)","decl":{"start":{"line":62,"column":4},"end":{"line":62,"column":5}},"loc":{"start":{"line":62,"column":23},"end":{"line":73,"column":5}},"line":62},"5":{"name":"(anonymous_5)","decl":{"start":{"line":74,"column":4},"end":{"line":74,"column":5}},"loc":{"start":{"line":74,"column":11},"end":{"line":76,"column":5}},"line":74},"6":{"name":"(anonymous_6)","decl":{"start":{"line":84,"column":4},"end":{"line":84,"column":5}},"loc":{"start":{"line":84,"column":15},"end":{"line":86,"column":5}},"line":84},"7":{"name":"parseInput","decl":{"start":{"line":98,"column":9},"end":{"line":98,"column":19}},"loc":{"start":{"line":98,"column":27},"end":{"line":120,"column":1}},"line":98},"8":{"name":"(anonymous_8)","decl":{"start":{"line":103,"column":30},"end":{"line":103,"column":31}},"loc":{"start":{"line":103,"column":38},"end":{"line":118,"column":5}},"line":103},"9":{"name":"getGEs","decl":{"start":{"line":130,"column":9},"end":{"line":130,"column":15}},"loc":{"start":{"line":130,"column":26},"end":{"line":132,"column":1}},"line":130},"10":{"name":"getAllWithConflict","decl":{"start":{"line":142,"column":9},"end":{"line":142,"column":27}},"loc":{"start":{"line":142,"column":38},"end":{"line":144,"column":1}},"line":142}},"branchMap":{"0":{"loc":{"start":{"line":2,"column":22},"end":{"line":4,"column":1}},"type":"binary-expr","locations":[{"start":{"line":2,"column":23},"end":{"line":2,"column":27}},{"start":{"line":2,"column":31},"end":{"line":2,"column":51}},{"start":{"line":2,"column":56},"end":{"line":4,"column":1}}],"line":2},"1":{"loc":{"start":{"line":3,"column":11},"end":{"line":3,"column":61}},"type":"cond-expr","locations":[{"start":{"line":3,"column":37},"end":{"line":3,"column":40}},{"start":{"line":3,"column":43},"end":{"line":3,"column":61}}],"line":3},"2":{"loc":{"start":{"line":3,"column":12},"end":{"line":3,"column":33}},"type":"binary-expr","locations":[{"start":{"line":3,"column":12},"end":{"line":3,"column":15}},{"start":{"line":3,"column":19},"end":{"line":3,"column":33}}],"line":3},"3":{"loc":{"start":{"line":67,"column":16},"end":{"line":69,"column":17}},"type":"if","locations":[{"start":{"line":67,"column":16},"end":{"line":69,"column":17}},{"start":{},"end":{}}],"line":67},"4":{"loc":{"start":{"line":99,"column":4},"end":{"line":101,"column":5}},"type":"if","locations":[{"start":{"line":99,"column":4},"end":{"line":101,"column":5}},{"start":{},"end":{}}],"line":99}},"s":{"0":1,"1":1,"2":1,"3":1,"4":1,"5":1,"6":41,"7":41,"8":5,"9":13,"10":0,"11":0,"12":0,"13":0,"14":0,"15":0,"16":0,"17":1,"18":9,"19":1,"20":8,"21":8,"22":40,"23":40,"24":40,"25":40,"26":48,"27":48,"28":40,"29":8,"30":1,"31":0,"32":1,"33":0,"34":1,"35":1,"36":1,"37":1},"f":{"0":1,"1":41,"2":5,"3":13,"4":0,"5":0,"6":0,"7":9,"8":40,"9":0,"10":0},"b":{"0":[1,1,1],"1":[1,0],"2":[1,1],"3":[0,0],"4":[1,8]},"inputSourceMap":null,"_coverageSchema":"1a1c01bbd47fc00a2c39e90264f33305004495a9","hash":"258e197c65a030d0da39d4fb58644b56acde30bb"}
,"C:\\arcanum\\cs-150-laboratory-exercises\\Lab Exercise 3\\utils\\deep_copy.js": {"path":"C:\\arcanum\\cs-150-laboratory-exercises\\Lab Exercise 3\\utils\\deep_copy.js","statementMap":{"0":{"start":{"line":2,"column":0},"end":{"line":2,"column":62}},"1":{"start":{"line":4,"column":4},"end":{"line":6,"column":5}},"2":{"start":{"line":5,"column":8},"end":{"line":5,"column":19}},"3":{"start":{"line":7,"column":4},"end":{"line":9,"column":5}},"4":{"start":{"line":8,"column":8},"end":{"line":8,"column":47}},"5":{"start":{"line":8,"column":31},"end":{"line":8,"column":45}},"6":{"start":{"line":10,"column":17},"end":{"line":10,"column":19}},"7":{"start":{"line":11,"column":4},"end":{"line":15,"column":5}},"8":{"start":{"line":12,"column":8},"end":{"line":14,"column":9}},"9":{"start":{"line":13,"column":12},"end":{"line":13,"column":43}},"10":{"start":{"line":16,"column":4},"end":{"line":16,"column":16}},"11":{"start":{"line":18,"column":0},"end":{"line":18,"column":27}}},"fnMap":{"0":{"name":"deepCopy","decl":{"start":{"line":3,"column":9},"end":{"line":3,"column":17}},"loc":{"start":{"line":3,"column":23},"end":{"line":17,"column":1}},"line":3},"1":{"name":"(anonymous_1)","decl":{"start":{"line":8,"column":23},"end":{"line":8,"column":24}},"loc":{"start":{"line":8,"column":31},"end":{"line":8,"column":45}},"line":8}},"branchMap":{"0":{"loc":{"start":{"line":4,"column":4},"end":{"line":6,"column":5}},"type":"if","locations":[{"start":{"line":4,"column":4},"end":{"line":6,"column":5}},{"start":{},"end":{}}],"line":4},"1":{"loc":{"start":{"line":4,"column":8},"end":{"line":4,"column":47}},"type":"binary-expr","locations":[{"start":{"line":4,"column":8},"end":{"line":4,"column":20}},{"start":{"line":4,"column":24},"end":{"line":4,"column":47}}],"line":4},"2":{"loc":{"start":{"line":7,"column":4},"end":{"line":9,"column":5}},"type":"if","locations":[{"start":{"line":7,"column":4},"end":{"line":9,"column":5}},{"start":{},"end":{}}],"line":7},"3":{"loc":{"start":{"line":12,"column":8},"end":{"line":14,"column":9}},"type":"if","locations":[{"start":{"line":12,"column":8},"end":{"line":14,"column":9}},{"start":{},"end":{}}],"line":12}},"s":{"0":2,"1":1071,"2":733,"3":338,"4":332,"5":1048,"6":6,"7":6,"8":16,"9":16,"10":6,"11":2},"f":{"0":1071,"1":1048},"b":{"0":[733,338],"1":[1071,1067],"2":[332,6],"3":[16,0]},"inputSourceMap":null,"_coverageSchema":"1a1c01bbd47fc00a2c39e90264f33305004495a9","hash":"1d9e0c361ecd93fcbc0e2d20da30d25faf6cb64e"}
,"C:\\arcanum\\cs-150-laboratory-exercises\\Lab Exercise 3\\utils\\day_based_schedule\\day_based_schedule.js": {"path":"C:\\arcanum\\cs-150-laboratory-exercises\\Lab Exercise 3\\utils\\day_based_schedule\\day_based_schedule.js","statementMap":{"0":{"start":{"line":2,"column":0},"end":{"line":2,"column":62}},"1":{"start":{"line":13,"column":8},"end":{"line":13,"column":33}},"2":{"start":{"line":14,"column":8},"end":{"line":14,"column":33}},"3":{"start":{"line":16,"column":8},"end":{"line":16,"column":54}},"4":{"start":{"line":17,"column":27},"end":{"line":17,"column":51}},"5":{"start":{"line":20,"column":24},"end":{"line":20,"column":48}},"6":{"start":{"line":21,"column":8},"end":{"line":21,"column":65}},"7":{"start":{"line":21,"column":54},"end":{"line":21,"column":63}},"8":{"start":{"line":23,"column":8},"end":{"line":23,"column":179}},"9":{"start":{"line":23,"column":68},"end":{"line":23,"column":175}},"10":{"start":{"line":32,"column":17},"end":{"line":32,"column":40}},"11":{"start":{"line":39,"column":22},"end":{"line":39,"column":64}},"12":{"start":{"line":46,"column":20},"end":{"line":46,"column":60}},"13":{"start":{"line":56,"column":8},"end":{"line":64,"column":9}},"14":{"start":{"line":57,"column":12},"end":{"line":63,"column":13}},"15":{"start":{"line":58,"column":51},"end":{"line":58,"column":87}},"16":{"start":{"line":59,"column":53},"end":{"line":59,"column":90}},"17":{"start":{"line":60,"column":16},"end":{"line":62,"column":17}},"18":{"start":{"line":61,"column":20},"end":{"line":61,"column":32}},"19":{"start":{"line":65,"column":8},"end":{"line":65,"column":21}},"20":{"start":{"line":81,"column":19},"end":{"line":81,"column":21}},"21":{"start":{"line":82,"column":8},"end":{"line":90,"column":9}},"22":{"start":{"line":82,"column":21},"end":{"line":82,"column":22}},"23":{"start":{"line":83,"column":12},"end":{"line":89,"column":13}},"24":{"start":{"line":84,"column":16},"end":{"line":84,"column":32}},"25":{"start":{"line":85,"column":16},"end":{"line":85,"column":20}},"26":{"start":{"line":88,"column":16},"end":{"line":88,"column":38}},"27":{"start":{"line":91,"column":8},"end":{"line":91,"column":20}},"28":{"start":{"line":104,"column":21},"end":{"line":104,"column":124}},"29":{"start":{"line":104,"column":106},"end":{"line":104,"column":120}},"30":{"start":{"line":105,"column":8},"end":{"line":105,"column":52}},"31":{"start":{"line":117,"column":30},"end":{"line":117,"column":38}},"32":{"start":{"line":118,"column":29},"end":{"line":118,"column":56}},"33":{"start":{"line":119,"column":8},"end":{"line":119,"column":77}},"34":{"start":{"line":133,"column":29},"end":{"line":133,"column":58}},"35":{"start":{"line":134,"column":8},"end":{"line":138,"column":10}},"36":{"start":{"line":147,"column":22},"end":{"line":147,"column":50}},"37":{"start":{"line":148,"column":8},"end":{"line":150,"column":9}},"38":{"start":{"line":149,"column":12},"end":{"line":149,"column":31}},"39":{"start":{"line":151,"column":8},"end":{"line":153,"column":9}},"40":{"start":{"line":152,"column":12},"end":{"line":152,"column":31}},"41":{"start":{"line":154,"column":8},"end":{"line":154,"column":23}},"42":{"start":{"line":164,"column":8},"end":{"line":167,"column":10}},"43":{"start":{"line":181,"column":8},"end":{"line":181,"column":42}},"44":{"start":{"line":191,"column":8},"end":{"line":191,"column":41}},"45":{"start":{"line":201,"column":8},"end":{"line":201,"column":45}},"46":{"start":{"line":212,"column":8},"end":{"line":212,"column":50}},"47":{"start":{"line":222,"column":8},"end":{"line":222,"column":51}},"48":{"start":{"line":232,"column":8},"end":{"line":232,"column":53}},"49":{"start":{"line":236,"column":0},"end":{"line":236,"column":35}}},"fnMap":{"0":{"name":"(anonymous_0)","decl":{"start":{"line":12,"column":4},"end":{"line":12,"column":5}},"loc":{"start":{"line":12,"column":36},"end":{"line":24,"column":5}},"line":12},"1":{"name":"(anonymous_1)","decl":{"start":{"line":21,"column":48},"end":{"line":21,"column":49}},"loc":{"start":{"line":21,"column":54},"end":{"line":21,"column":63}},"line":21},"2":{"name":"(anonymous_2)","decl":{"start":{"line":23,"column":52},"end":{"line":23,"column":53}},"loc":{"start":{"line":23,"column":58},"end":{"line":23,"column":177}},"line":23},"3":{"name":"(anonymous_3)","decl":{"start":{"line":32,"column":4},"end":{"line":32,"column":5}},"loc":{"start":{"line":32,"column":15},"end":{"line":32,"column":42}},"line":32},"4":{"name":"(anonymous_4)","decl":{"start":{"line":39,"column":4},"end":{"line":39,"column":5}},"loc":{"start":{"line":39,"column":20},"end":{"line":39,"column":66}},"line":39},"5":{"name":"(anonymous_5)","decl":{"start":{"line":46,"column":4},"end":{"line":46,"column":5}},"loc":{"start":{"line":46,"column":18},"end":{"line":46,"column":62}},"line":46},"6":{"name":"(anonymous_6)","decl":{"start":{"line":55,"column":4},"end":{"line":55,"column":5}},"loc":{"start":{"line":55,"column":23},"end":{"line":66,"column":5}},"line":55},"7":{"name":"(anonymous_7)","decl":{"start":{"line":80,"column":4},"end":{"line":80,"column":5}},"loc":{"start":{"line":80,"column":26},"end":{"line":92,"column":5}},"line":80},"8":{"name":"(anonymous_8)","decl":{"start":{"line":102,"column":4},"end":{"line":102,"column":5}},"loc":{"start":{"line":102,"column":25},"end":{"line":106,"column":5}},"line":102},"9":{"name":"(anonymous_9)","decl":{"start":{"line":104,"column":99},"end":{"line":104,"column":100}},"loc":{"start":{"line":104,"column":106},"end":{"line":104,"column":120}},"line":104},"10":{"name":"(anonymous_10)","decl":{"start":{"line":116,"column":4},"end":{"line":116,"column":5}},"loc":{"start":{"line":116,"column":29},"end":{"line":120,"column":5}},"line":116},"11":{"name":"(anonymous_11)","decl":{"start":{"line":132,"column":4},"end":{"line":132,"column":5}},"loc":{"start":{"line":132,"column":34},"end":{"line":139,"column":5}},"line":132},"12":{"name":"(anonymous_12)","decl":{"start":{"line":146,"column":4},"end":{"line":146,"column":5}},"loc":{"start":{"line":146,"column":35},"end":{"line":155,"column":5}},"line":146},"13":{"name":"(anonymous_13)","decl":{"start":{"line":163,"column":4},"end":{"line":163,"column":5}},"loc":{"start":{"line":163,"column":37},"end":{"line":168,"column":5}},"line":163},"14":{"name":"(anonymous_14)","decl":{"start":{"line":180,"column":4},"end":{"line":180,"column":5}},"loc":{"start":{"line":180,"column":31},"end":{"line":182,"column":5}},"line":180},"15":{"name":"(anonymous_15)","decl":{"start":{"line":190,"column":4},"end":{"line":190,"column":5}},"loc":{"start":{"line":190,"column":30},"end":{"line":192,"column":5}},"line":190},"16":{"name":"(anonymous_16)","decl":{"start":{"line":200,"column":4},"end":{"line":200,"column":5}},"loc":{"start":{"line":200,"column":34},"end":{"line":202,"column":5}},"line":200},"17":{"name":"(anonymous_17)","decl":{"start":{"line":211,"column":4},"end":{"line":211,"column":5}},"loc":{"start":{"line":211,"column":39},"end":{"line":213,"column":5}},"line":211},"18":{"name":"(anonymous_18)","decl":{"start":{"line":221,"column":4},"end":{"line":221,"column":5}},"loc":{"start":{"line":221,"column":40},"end":{"line":223,"column":5}},"line":221},"19":{"name":"(anonymous_19)","decl":{"start":{"line":231,"column":4},"end":{"line":231,"column":5}},"loc":{"start":{"line":231,"column":42},"end":{"line":233,"column":5}},"line":231}},"branchMap":{"0":{"loc":{"start":{"line":23,"column":75},"end":{"line":23,"column":174}},"type":"cond-expr","locations":[{"start":{"line":23,"column":96},"end":{"line":23,"column":100}},{"start":{"line":23,"column":103},"end":{"line":23,"column":174}}],"line":23},"1":{"loc":{"start":{"line":23,"column":103},"end":{"line":23,"column":174}},"type":"cond-expr","locations":[{"start":{"line":23,"column":165},"end":{"line":23,"column":167}},{"start":{"line":23,"column":170},"end":{"line":23,"column":174}}],"line":23},"2":{"loc":{"start":{"line":23,"column":103},"end":{"line":23,"column":162}},"type":"binary-expr","locations":[{"start":{"line":23,"column":103},"end":{"line":23,"column":145}},{"start":{"line":23,"column":149},"end":{"line":23,"column":162}}],"line":23},"3":{"loc":{"start":{"line":57,"column":12},"end":{"line":63,"column":13}},"type":"if","locations":[{"start":{"line":57,"column":12},"end":{"line":63,"column":13}},{"start":{},"end":{}}],"line":57},"4":{"loc":{"start":{"line":60,"column":16},"end":{"line":62,"column":17}},"type":"if","locations":[{"start":{"line":60,"column":16},"end":{"line":62,"column":17}},{"start":{},"end":{}}],"line":60},"5":{"loc":{"start":{"line":60,"column":20},"end":{"line":60,"column":80}},"type":"binary-expr","locations":[{"start":{"line":60,"column":20},"end":{"line":60,"column":48}},{"start":{"line":60,"column":52},"end":{"line":60,"column":80}}],"line":60},"6":{"loc":{"start":{"line":83,"column":12},"end":{"line":89,"column":13}},"type":"if","locations":[{"start":{"line":83,"column":12},"end":{"line":89,"column":13}},{"start":{"line":87,"column":17},"end":{"line":89,"column":13}}],"line":83},"7":{"loc":{"start":{"line":83,"column":16},"end":{"line":83,"column":60}},"type":"binary-expr","locations":[{"start":{"line":83,"column":16},"end":{"line":83,"column":34}},{"start":{"line":83,"column":38},"end":{"line":83,"column":60}}],"line":83},"8":{"loc":{"start":{"line":104,"column":21},"end":{"line":104,"column":124}},"type":"cond-expr","locations":[{"start":{"line":104,"column":80},"end":{"line":104,"column":86}},{"start":{"line":104,"column":89},"end":{"line":104,"column":124}}],"line":104},"9":{"loc":{"start":{"line":104,"column":21},"end":{"line":104,"column":77}},"type":"binary-expr","locations":[{"start":{"line":104,"column":21},"end":{"line":104,"column":60}},{"start":{"line":104,"column":64},"end":{"line":104,"column":77}}],"line":104},"10":{"loc":{"start":{"line":105,"column":15},"end":{"line":105,"column":51}},"type":"cond-expr","locations":[{"start":{"line":105,"column":38},"end":{"line":105,"column":42}},{"start":{"line":105,"column":45},"end":{"line":105,"column":51}}],"line":105},"11":{"loc":{"start":{"line":119,"column":32},"end":{"line":119,"column":75}},"type":"cond-expr","locations":[{"start":{"line":119,"column":55},"end":{"line":119,"column":56}},{"start":{"line":119,"column":59},"end":{"line":119,"column":75}}],"line":119},"12":{"loc":{"start":{"line":148,"column":8},"end":{"line":150,"column":9}},"type":"if","locations":[{"start":{"line":148,"column":8},"end":{"line":150,"column":9}},{"start":{},"end":{}}],"line":148},"13":{"loc":{"start":{"line":148,"column":12},"end":{"line":148,"column":52}},"type":"binary-expr","locations":[{"start":{"line":148,"column":12},"end":{"line":148,"column":32}},{"start":{"line":148,"column":36},"end":{"line":148,"column":52}}],"line":148},"14":{"loc":{"start":{"line":151,"column":8},"end":{"line":153,"column":9}},"type":"if","locations":[{"start":{"line":151,"column":8},"end":{"line":153,"column":9}},{"start":{},"end":{}}],"line":151},"15":{"loc":{"start":{"line":151,"column":12},"end":{"line":151,"column":52}},"type":"binary-expr","locations":[{"start":{"line":151,"column":12},"end":{"line":151,"column":32}},{"start":{"line":151,"column":36},"end":{"line":151,"column":52}}],"line":151}},"s":{"0":2,"1":92,"2":92,"3":92,"4":92,"5":92,"6":92,"7":92,"8":92,"9":92,"10":61,"11":52,"12":52,"13":17,"14":35,"15":22,"16":22,"17":22,"18":7,"19":10,"20":99,"21":99,"22":99,"23":215,"24":39,"25":39,"26":176,"27":99,"28":168,"29":667,"30":168,"31":216,"32":216,"33":216,"34":202,"35":202,"36":106,"37":106,"38":56,"39":106,"40":2,"41":106,"42":49,"43":7,"44":14,"45":14,"46":18,"47":8,"48":5,"49":2},"f":{"0":92,"1":92,"2":92,"3":61,"4":52,"5":52,"6":17,"7":99,"8":168,"9":667,"10":216,"11":202,"12":106,"13":49,"14":7,"15":14,"16":14,"17":18,"18":8,"19":5},"b":{"0":[30,62],"1":[22,40],"2":[62,22],"3":[22,13],"4":[7,15],"5":[22,15],"6":[39,176],"7":[215,74],"8":[0,168],"9":[168,168],"10":[46,122],"11":[136,80],"12":[56,50],"13":[106,59],"14":[2,104],"15":[106,47]},"inputSourceMap":null,"_coverageSchema":"1a1c01bbd47fc00a2c39e90264f33305004495a9","hash":"b0270534bf8671a93b444405510e5779b6028ece"}
,"C:\\arcanum\\cs-150-laboratory-exercises\\Lab Exercise 3\\utils\\ge_courses\\ge_courses.js": {"path":"C:\\arcanum\\cs-150-laboratory-exercises\\Lab Exercise 3\\utils\\ge_courses\\ge_courses.js","statementMap":{"0":{"start":{"line":2,"column":22},"end":{"line":4,"column":1}},"1":{"start":{"line":3,"column":4},"end":{"line":3,"column":62}},"2":{"start":{"line":5,"column":0},"end":{"line":5,"column":62}},"3":{"start":{"line":6,"column":13},"end":{"line":6,"column":26}},"4":{"start":{"line":7,"column":20},"end":{"line":7,"column":60}},"5":{"start":{"line":24,"column":8},"end":{"line":24,"column":35}},"6":{"start":{"line":36,"column":8},"end":{"line":39,"column":71}},"7":{"start":{"line":38,"column":28},"end":{"line":38,"column":43}},"8":{"start":{"line":39,"column":29},"end":{"line":39,"column":69}},"9":{"start":{"line":47,"column":8},"end":{"line":49,"column":9}},"10":{"start":{"line":48,"column":12},"end":{"line":48,"column":68}},"11":{"start":{"line":50,"column":8},"end":{"line":50,"column":44}},"12":{"start":{"line":63,"column":31},"end":{"line":63,"column":66}},"13":{"start":{"line":66,"column":8},"end":{"line":78,"column":9}},"14":{"start":{"line":67,"column":20},"end":{"line":67,"column":41}},"15":{"start":{"line":68,"column":20},"end":{"line":68,"column":21}},"16":{"start":{"line":69,"column":12},"end":{"line":77,"column":13}},"17":{"start":{"line":70,"column":16},"end":{"line":72,"column":17}},"18":{"start":{"line":71,"column":20},"end":{"line":71,"column":26}},"19":{"start":{"line":73,"column":16},"end":{"line":73,"column":20}},"20":{"start":{"line":74,"column":16},"end":{"line":76,"column":17}},"21":{"start":{"line":75,"column":20},"end":{"line":75,"column":32}},"22":{"start":{"line":79,"column":8},"end":{"line":79,"column":21}},"23":{"start":{"line":89,"column":27},"end":{"line":89,"column":49}},"24":{"start":{"line":95,"column":29},"end":{"line":95,"column":63}},"25":{"start":{"line":103,"column":8},"end":{"line":103,"column":61}},"26":{"start":{"line":111,"column":0},"end":{"line":111,"column":36}},"27":{"start":{"line":112,"column":0},"end":{"line":112,"column":37}}},"fnMap":{"0":{"name":"(anonymous_0)","decl":{"start":{"line":2,"column":56},"end":{"line":2,"column":57}},"loc":{"start":{"line":2,"column":71},"end":{"line":4,"column":1}},"line":2},"1":{"name":"(anonymous_1)","decl":{"start":{"line":23,"column":4},"end":{"line":23,"column":5}},"loc":{"start":{"line":23,"column":63},"end":{"line":40,"column":5}},"line":23},"2":{"name":"(anonymous_2)","decl":{"start":{"line":38,"column":20},"end":{"line":38,"column":21}},"loc":{"start":{"line":38,"column":28},"end":{"line":38,"column":43}},"line":38},"3":{"name":"(anonymous_3)","decl":{"start":{"line":39,"column":17},"end":{"line":39,"column":18}},"loc":{"start":{"line":39,"column":29},"end":{"line":39,"column":69}},"line":39},"4":{"name":"(anonymous_4)","decl":{"start":{"line":46,"column":4},"end":{"line":46,"column":5}},"loc":{"start":{"line":46,"column":25},"end":{"line":51,"column":5}},"line":46},"5":{"name":"(anonymous_5)","decl":{"start":{"line":60,"column":4},"end":{"line":60,"column":5}},"loc":{"start":{"line":60,"column":21},"end":{"line":80,"column":5}},"line":60},"6":{"name":"(anonymous_6)","decl":{"start":{"line":89,"column":4},"end":{"line":89,"column":5}},"loc":{"start":{"line":89,"column":25},"end":{"line":89,"column":51}},"line":89},"7":{"name":"(anonymous_7)","decl":{"start":{"line":95,"column":4},"end":{"line":95,"column":5}},"loc":{"start":{"line":95,"column":27},"end":{"line":95,"column":65}},"line":95},"8":{"name":"(anonymous_8)","decl":{"start":{"line":102,"column":4},"end":{"line":102,"column":5}},"loc":{"start":{"line":102,"column":30},"end":{"line":104,"column":5}},"line":102}},"branchMap":{"0":{"loc":{"start":{"line":2,"column":22},"end":{"line":4,"column":1}},"type":"binary-expr","locations":[{"start":{"line":2,"column":23},"end":{"line":2,"column":27}},{"start":{"line":2,"column":31},"end":{"line":2,"column":51}},{"start":{"line":2,"column":56},"end":{"line":4,"column":1}}],"line":2},"1":{"loc":{"start":{"line":3,"column":11},"end":{"line":3,"column":61}},"type":"cond-expr","locations":[{"start":{"line":3,"column":37},"end":{"line":3,"column":40}},{"start":{"line":3,"column":43},"end":{"line":3,"column":61}}],"line":3},"2":{"loc":{"start":{"line":3,"column":12},"end":{"line":3,"column":33}},"type":"binary-expr","locations":[{"start":{"line":3,"column":12},"end":{"line":3,"column":15}},{"start":{"line":3,"column":19},"end":{"line":3,"column":33}}],"line":3},"3":{"loc":{"start":{"line":23,"column":16},"end":{"line":23,"column":61}},"type":"default-arg","locations":[{"start":{"line":23,"column":28},"end":{"line":23,"column":61}}],"line":23},"4":{"loc":{"start":{"line":47,"column":8},"end":{"line":49,"column":9}},"type":"if","locations":[{"start":{"line":47,"column":8},"end":{"line":49,"column":9}},{"start":{},"end":{}}],"line":47},"5":{"loc":{"start":{"line":70,"column":16},"end":{"line":72,"column":17}},"type":"if","locations":[{"start":{"line":70,"column":16},"end":{"line":72,"column":17}},{"start":{},"end":{}}],"line":70},"6":{"loc":{"start":{"line":74,"column":16},"end":{"line":76,"column":17}},"type":"if","locations":[{"start":{"line":74,"column":16},"end":{"line":76,"column":17}},{"start":{},"end":{}}],"line":74}},"s":{"0":1,"1":1,"2":1,"3":1,"4":1,"5":1,"6":1,"7":83,"8":82,"9":2,"10":1,"11":2,"12":91,"13":91,"14":4058,"15":4058,"16":4058,"17":4215,"18":3975,"19":240,"20":240,"21":83,"22":8,"23":2,"24":1,"25":4,"26":1,"27":1},"f":{"0":1,"1":1,"2":83,"3":82,"4":2,"5":91,"6":2,"7":1,"8":4},"b":{"0":[1,1,1],"1":[1,0],"2":[1,1],"3":[1],"4":[1,1],"5":[3975,240],"6":[83,157]},"inputSourceMap":null,"_coverageSchema":"1a1c01bbd47fc00a2c39e90264f33305004495a9","hash":"5e52224f8722fcff0813598430837463d6becf1b"}
}
