TN:
SF:index.js
FN:2,(anonymous_0)
FN:25,(anonymous_1)
FN:39,(anonymous_2)
FN:46,(anonymous_3)
FN:62,(anonymous_4)
FN:74,(anonymous_5)
FN:84,(anonymous_6)
FN:98,parseInput
FN:103,(anonymous_8)
FN:130,getGEs
FN:142,getAllWithConflict
FNF:11
FNH:6
FNDA:1,(anonymous_0)
FNDA:41,(anonymous_1)
FNDA:5,(anonymous_2)
FNDA:13,(anonymous_3)
FNDA:0,(anonymous_4)
FNDA:0,(anonymous_5)
FNDA:0,(anonymous_6)
FNDA:9,parseInput
FNDA:40,(anonymous_8)
FNDA:0,getGEs
FNDA:0,getAllWithConflict
DA:2,1
DA:3,1
DA:5,1
DA:6,1
DA:7,1
DA:10,1
DA:26,41
DA:27,41
DA:39,5
DA:51,13
DA:65,0
DA:66,0
DA:67,0
DA:68,0
DA:72,0
DA:75,0
DA:85,0
DA:88,1
DA:99,9
DA:100,1
DA:102,8
DA:103,8
DA:105,40
DA:108,40
DA:110,40
DA:111,40
DA:113,48
DA:114,48
DA:117,40
DA:119,8
DA:121,1
DA:131,0
DA:133,1
DA:143,0
DA:145,1
DA:147,1
DA:148,1
DA:149,1
LF:38
LH:29
BRDA:2,0,0,1
BRDA:2,0,1,1
BRDA:2,0,2,1
BRDA:3,1,0,1
BRDA:3,1,1,0
BRDA:3,2,0,1
BRDA:3,2,1,1
BRDA:67,3,0,0
BRDA:67,3,1,0
BRDA:99,4,0,1
BRDA:99,4,1,8
BRF:11
BRH:8
end_of_record
TN:
SF:utils\deep_copy.js
FN:3,deepCopy
FN:8,(anonymous_1)
FNF:2
FNH:2
FNDA:1071,deepCopy
FNDA:1048,(anonymous_1)
DA:2,2
DA:4,1071
DA:5,733
DA:7,338
DA:8,1048
DA:10,6
DA:11,6
DA:12,16
DA:13,16
DA:16,6
DA:18,2
LF:11
LH:11
BRDA:4,0,0,733
BRDA:4,0,1,338
BRDA:4,1,0,1071
BRDA:4,1,1,1067
BRDA:7,2,0,332
BRDA:7,2,1,6
BRDA:12,3,0,16
BRDA:12,3,1,0
BRF:8
BRH:7
end_of_record
TN:
SF:utils\day_based_schedule\day_based_schedule.js
FN:12,(anonymous_0)
FN:21,(anonymous_1)
FN:23,(anonymous_2)
FN:32,(anonymous_3)
FN:39,(anonymous_4)
FN:46,(anonymous_5)
FN:55,(anonymous_6)
FN:80,(anonymous_7)
FN:102,(anonymous_8)
FN:104,(anonymous_9)
FN:116,(anonymous_10)
FN:132,(anonymous_11)
FN:146,(anonymous_12)
FN:163,(anonymous_13)
FN:180,(anonymous_14)
FN:190,(anonymous_15)
FN:200,(anonymous_16)
FN:211,(anonymous_17)
FN:221,(anonymous_18)
FN:231,(anonymous_19)
FNF:20
FNH:20
FNDA:92,(anonymous_0)
FNDA:92,(anonymous_1)
FNDA:92,(anonymous_2)
FNDA:61,(anonymous_3)
FNDA:52,(anonymous_4)
FNDA:52,(anonymous_5)
FNDA:17,(anonymous_6)
FNDA:99,(anonymous_7)
FNDA:168,(anonymous_8)
FNDA:667,(anonymous_9)
FNDA:216,(anonymous_10)
FNDA:202,(anonymous_11)
FNDA:106,(anonymous_12)
FNDA:49,(anonymous_13)
FNDA:7,(anonymous_14)
FNDA:14,(anonymous_15)
FNDA:14,(anonymous_16)
FNDA:18,(anonymous_17)
FNDA:8,(anonymous_18)
FNDA:5,(anonymous_19)
DA:2,2
DA:13,92
DA:14,92
DA:16,92
DA:17,92
DA:20,92
DA:21,92
DA:23,92
DA:32,61
DA:39,52
DA:46,52
DA:56,17
DA:57,35
DA:58,22
DA:59,22
DA:60,22
DA:61,7
DA:65,10
DA:81,99
DA:82,99
DA:83,215
DA:84,39
DA:85,39
DA:88,176
DA:91,99
DA:104,667
DA:105,168
DA:117,216
DA:118,216
DA:119,216
DA:133,202
DA:134,202
DA:147,106
DA:148,106
DA:149,56
DA:151,106
DA:152,2
DA:154,106
DA:164,49
DA:181,7
DA:191,14
DA:201,14
DA:212,18
DA:222,8
DA:232,5
DA:236,2
LF:46
LH:46
BRDA:23,0,0,30
BRDA:23,0,1,62
BRDA:23,1,0,22
BRDA:23,1,1,40
BRDA:23,2,0,62
BRDA:23,2,1,22
BRDA:57,3,0,22
BRDA:57,3,1,13
BRDA:60,4,0,7
BRDA:60,4,1,15
BRDA:60,5,0,22
BRDA:60,5,1,15
BRDA:83,6,0,39
BRDA:83,6,1,176
BRDA:83,7,0,215
BRDA:83,7,1,74
BRDA:104,8,0,0
BRDA:104,8,1,168
BRDA:104,9,0,168
BRDA:104,9,1,168
BRDA:105,10,0,46
BRDA:105,10,1,122
BRDA:119,11,0,136
BRDA:119,11,1,80
BRDA:148,12,0,56
BRDA:148,12,1,50
BRDA:148,13,0,106
BRDA:148,13,1,59
BRDA:151,14,0,2
BRDA:151,14,1,104
BRDA:151,15,0,106
BRDA:151,15,1,47
BRF:32
BRH:31
end_of_record
TN:
SF:utils\ge_courses\ge_courses.js
FN:2,(anonymous_0)
FN:23,(anonymous_1)
FN:38,(anonymous_2)
FN:39,(anonymous_3)
FN:46,(anonymous_4)
FN:60,(anonymous_5)
FN:89,(anonymous_6)
FN:95,(anonymous_7)
FN:102,(anonymous_8)
FNF:9
FNH:9
FNDA:1,(anonymous_0)
FNDA:1,(anonymous_1)
FNDA:83,(anonymous_2)
FNDA:82,(anonymous_3)
FNDA:2,(anonymous_4)
FNDA:91,(anonymous_5)
FNDA:2,(anonymous_6)
FNDA:1,(anonymous_7)
FNDA:4,(anonymous_8)
DA:2,1
DA:3,1
DA:5,1
DA:6,1
DA:7,1
DA:24,1
DA:36,1
DA:38,83
DA:39,82
DA:47,2
DA:48,1
DA:50,2
DA:63,91
DA:66,91
DA:67,4058
DA:68,4058
DA:69,4058
DA:70,4215
DA:71,3975
DA:73,240
DA:74,240
DA:75,83
DA:79,8
DA:89,2
DA:95,1
DA:103,4
DA:111,1
DA:112,1
LF:28
LH:28
BRDA:2,0,0,1
BRDA:2,0,1,1
BRDA:2,0,2,1
BRDA:3,1,0,1
BRDA:3,1,1,0
BRDA:3,2,0,1
BRDA:3,2,1,1
BRDA:23,3,0,1
BRDA:47,4,0,1
BRDA:47,4,1,1
BRDA:70,5,0,3975
BRDA:70,5,1,240
BRDA:74,6,0,83
BRDA:74,6,1,157
BRF:14
BRH:13
end_of_record
