TN:
SF:index.js
FN:2,(anonymous_0)
FN:20,(anonymous_1)
FN:49,(anonymous_2)
FN:67,(anonymous_3)
FN:75,(anonymous_4)
FN:93,(anonymous_5)
FN:94,(anonymous_6)
FN:112,parseInput
FN:117,(anonymous_8)
FN:144,getGEs
FN:145,(anonymous_10)
FN:156,getAllWithConflict
FNF:12
FNH:6
FNDA:2,(anonymous_0)
FNDA:35,(anonymous_1)
FNDA:0,(anonymous_2)
FNDA:0,(anonymous_3)
FNDA:0,(anonymous_4)
FNDA:5,(anonymous_5)
FNDA:13,(anonymous_6)
FNDA:8,parseInput
FNDA:35,(anonymous_8)
FNDA:0,getGEs
FNDA:0,(anonymous_10)
FNDA:0,getAllWithConflict
DA:2,1
DA:3,2
DA:5,1
DA:6,1
DA:8,1
DA:9,1
DA:21,35
DA:22,35
DA:23,35
DA:52,0
DA:53,0
DA:54,0
DA:55,0
DA:59,0
DA:67,0
DA:76,0
DA:93,5
DA:95,13
DA:96,13
DA:97,17
DA:99,13
DA:102,1
DA:113,8
DA:114,1
DA:116,7
DA:117,7
DA:119,35
DA:122,35
DA:124,35
DA:125,35
DA:127,42
DA:128,42
DA:131,35
DA:133,7
DA:135,1
DA:145,0
DA:147,1
DA:157,0
DA:158,0
DA:159,0
DA:160,0
DA:161,0
DA:162,0
DA:167,0
DA:169,1
LF:45
LH:30
BRDA:2,0,0,1
BRDA:2,0,1,1
BRDA:2,0,2,1
BRDA:3,1,0,2
BRDA:3,1,1,0
BRDA:3,2,0,2
BRDA:3,2,1,2
BRDA:20,3,0,35
BRDA:54,4,0,0
BRDA:54,4,1,0
BRDA:113,5,0,1
BRDA:113,5,1,7
BRDA:160,6,0,0
BRDA:160,6,1,0
BRF:14
BRH:9
end_of_record
TN:
SF:utils\deep_copy.js
FN:3,deepCopy
FN:8,(anonymous_1)
FNF:2
FNH:2
FNDA:1125,deepCopy
FNDA:1069,(anonymous_1)
DA:2,4
DA:4,1125
DA:5,772
DA:7,353
DA:8,1069
DA:10,12
DA:11,12
DA:12,34
DA:13,34
DA:16,12
DA:18,4
LF:11
LH:11
BRDA:4,0,0,772
BRDA:4,0,1,353
BRDA:4,1,0,1125
BRDA:4,1,1,1121
BRDA:7,2,0,341
BRDA:7,2,1,12
BRDA:12,3,0,34
BRDA:12,3,1,0
BRF:8
BRH:7
end_of_record
TN:
SF:utils\day_based_schedule\day_based_schedule.js
FN:2,(anonymous_0)
FN:16,(anonymous_1)
FN:25,(anonymous_2)
FN:27,(anonymous_3)
FN:59,(anonymous_4)
FN:79,(anonymous_5)
FN:95,(anonymous_6)
FN:119,(anonymous_7)
FN:121,(anonymous_8)
FN:135,(anonymous_9)
FN:153,(anonymous_10)
FN:167,(anonymous_11)
FN:184,(anonymous_12)
FN:194,(anonymous_13)
FN:195,(anonymous_14)
FN:196,(anonymous_15)
FN:204,(anonymous_16)
FN:214,(anonymous_17)
FN:224,(anonymous_18)
FN:235,(anonymous_19)
FN:245,(anonymous_20)
FN:255,(anonymous_21)
FNF:22
FNH:22
FNDA:2,(anonymous_0)
FNDA:102,(anonymous_1)
FNDA:102,(anonymous_2)
FNDA:102,(anonymous_3)
FNDA:17,(anonymous_4)
FNDA:17,(anonymous_5)
FNDA:109,(anonymous_6)
FNDA:187,(anonymous_7)
FNDA:737,(anonymous_8)
FNDA:236,(anonymous_9)
FNDA:222,(anonymous_10)
FNDA:106,(anonymous_11)
FNDA:49,(anonymous_12)
FNDA:9,(anonymous_13)
FNDA:3,(anonymous_14)
FNDA:3,(anonymous_15)
FNDA:7,(anonymous_16)
FNDA:14,(anonymous_17)
FNDA:14,(anonymous_18)
FNDA:18,(anonymous_19)
FNDA:8,(anonymous_20)
FNDA:5,(anonymous_21)
DA:2,2
DA:3,2
DA:5,2
DA:6,2
DA:17,102
DA:18,102
DA:20,102
DA:21,102
DA:24,102
DA:25,102
DA:27,102
DA:60,17
DA:61,35
DA:62,22
DA:63,22
DA:64,22
DA:65,7
DA:69,10
DA:80,17
DA:96,109
DA:97,109
DA:98,228
DA:99,42
DA:100,42
DA:103,186
DA:106,109
DA:121,737
DA:122,187
DA:136,236
DA:137,236
DA:138,236
DA:154,222
DA:155,222
DA:168,106
DA:169,106
DA:170,56
DA:172,106
DA:173,2
DA:175,106
DA:185,49
DA:194,9
DA:195,3
DA:196,3
DA:205,7
DA:215,14
DA:225,14
DA:236,18
DA:246,8
DA:256,5
DA:260,2
LF:50
LH:50
BRDA:2,0,0,2
BRDA:2,0,1,2
BRDA:2,0,2,2
BRDA:3,1,0,2
BRDA:3,1,1,0
BRDA:3,2,0,2
BRDA:3,2,1,2
BRDA:27,3,0,31
BRDA:27,3,1,71
BRDA:27,4,0,28
BRDA:27,4,1,43
BRDA:27,5,0,71
BRDA:27,5,1,28
BRDA:61,6,0,22
BRDA:61,6,1,13
BRDA:64,7,0,7
BRDA:64,7,1,15
BRDA:64,8,0,22
BRDA:64,8,1,15
BRDA:80,9,0,0
BRDA:80,9,1,17
BRDA:80,10,0,17
BRDA:80,10,1,17
BRDA:80,11,0,0
BRDA:80,11,1,17
BRDA:80,12,0,17
BRDA:80,12,1,17
BRDA:98,13,0,42
BRDA:98,13,1,186
BRDA:98,14,0,228
BRDA:98,14,1,80
BRDA:121,15,0,0
BRDA:121,15,1,187
BRDA:121,16,0,187
BRDA:121,16,1,187
BRDA:122,17,0,49
BRDA:122,17,1,138
BRDA:138,18,0,154
BRDA:138,18,1,82
BRDA:169,19,0,56
BRDA:169,19,1,50
BRDA:169,20,0,106
BRDA:169,20,1,59
BRDA:172,21,0,2
BRDA:172,21,1,104
BRDA:172,22,0,106
BRDA:172,22,1,47
BRF:47
BRH:43
end_of_record
TN:
SF:utils\ge_courses\ge_courses.js
FN:2,(anonymous_0)
FN:23,(anonymous_1)
FN:38,(anonymous_2)
FN:39,(anonymous_3)
FN:46,(anonymous_4)
FN:60,(anonymous_5)
FN:89,(anonymous_6)
FN:95,(anonymous_7)
FN:102,(anonymous_8)
FNF:9
FNH:9
FNDA:2,(anonymous_0)
FNDA:2,(anonymous_1)
FNDA:166,(anonymous_2)
FNDA:164,(anonymous_3)
FNDA:37,(anonymous_4)
FNDA:91,(anonymous_5)
FNDA:2,(anonymous_6)
FNDA:1,(anonymous_7)
FNDA:4,(anonymous_8)
DA:2,2
DA:3,2
DA:5,2
DA:6,2
DA:7,2
DA:24,2
DA:36,2
DA:38,166
DA:39,164
DA:47,37
DA:48,2
DA:50,37
DA:63,91
DA:66,91
DA:67,4058
DA:68,4058
DA:69,4058
DA:70,4215
DA:71,3975
DA:73,240
DA:74,240
DA:75,83
DA:79,8
DA:89,2
DA:95,1
DA:103,4
DA:111,2
DA:112,2
LF:28
LH:28
BRDA:2,0,0,2
BRDA:2,0,1,2
BRDA:2,0,2,2
BRDA:3,1,0,2
BRDA:3,1,1,0
BRDA:3,2,0,2
BRDA:3,2,1,2
BRDA:23,3,0,2
BRDA:47,4,0,2
BRDA:47,4,1,35
BRDA:70,5,0,3975
BRDA:70,5,1,240
BRDA:74,6,0,83
BRDA:74,6,1,157
BRF:14
BRH:13
end_of_record
