{"C:\\arcanum\\cs-150-laboratory-exercises\\multiplication_game\\main.ts": {"path":"C:\\arcanum\\cs-150-laboratory-exercises\\multiplication_game\\main.ts","all":false,"statementMap":{"0":{"start":{"line":1,"column":0},"end":{"line":1,"column":23}},"1":{"start":{"line":2,"column":0},"end":{"line":2,"column":6}},"2":{"start":{"line":3,"column":0},"end":{"line":3,"column":7}},"3":{"start":{"line":4,"column":0},"end":{"line":4,"column":0}},"4":{"start":{"line":5,"column":0},"end":{"line":5,"column":29}},"5":{"start":{"line":6,"column":0},"end":{"line":6,"column":19}},"6":{"start":{"line":7,"column":0},"end":{"line":7,"column":34}},"7":{"start":{"line":8,"column":0},"end":{"line":8,"column":34}},"8":{"start":{"line":9,"column":0},"end":{"line":9,"column":0}},"9":{"start":{"line":10,"column":0},"end":{"line":10,"column":16}},"10":{"start":{"line":11,"column":0},"end":{"line":11,"column":27}},"11":{"start":{"line":12,"column":0},"end":{"line":12,"column":38}},"12":{"start":{"line":13,"column":0},"end":{"line":13,"column":9}},"13":{"start":{"line":14,"column":0},"end":{"line":14,"column":0}},"14":{"start":{"line":15,"column":0},"end":{"line":15,"column":14}},"15":{"start":{"line":16,"column":0},"end":{"line":16,"column":31}},"16":{"start":{"line":17,"column":0},"end":{"line":17,"column":45}},"17":{"start":{"line":18,"column":0},"end":{"line":18,"column":0}},"18":{"start":{"line":19,"column":0},"end":{"line":19,"column":34}},"19":{"start":{"line":20,"column":0},"end":{"line":20,"column":32}},"20":{"start":{"line":21,"column":0},"end":{"line":21,"column":0}},"21":{"start":{"line":22,"column":0},"end":{"line":22,"column":32}},"22":{"start":{"line":23,"column":0},"end":{"line":23,"column":48}},"23":{"start":{"line":24,"column":0},"end":{"line":24,"column":16}},"24":{"start":{"line":25,"column":0},"end":{"line":25,"column":38}},"25":{"start":{"line":26,"column":0},"end":{"line":26,"column":9}},"26":{"start":{"line":27,"column":0},"end":{"line":27,"column":5}},"27":{"start":{"line":28,"column":0},"end":{"line":28,"column":0}},"28":{"start":{"line":29,"column":0},"end":{"line":29,"column":27}},"29":{"start":{"line":30,"column":0},"end":{"line":30,"column":34}},"30":{"start":{"line":31,"column":0},"end":{"line":31,"column":5}},"31":{"start":{"line":32,"column":0},"end":{"line":32,"column":0}},"32":{"start":{"line":33,"column":0},"end":{"line":33,"column":32}},"33":{"start":{"line":34,"column":0},"end":{"line":34,"column":67}},"34":{"start":{"line":35,"column":0},"end":{"line":35,"column":5}},"35":{"start":{"line":36,"column":0},"end":{"line":36,"column":0}},"36":{"start":{"line":37,"column":0},"end":{"line":37,"column":32}},"37":{"start":{"line":38,"column":0},"end":{"line":38,"column":66}},"38":{"start":{"line":39,"column":0},"end":{"line":39,"column":5}},"39":{"start":{"line":40,"column":0},"end":{"line":40,"column":0}},"40":{"start":{"line":41,"column":0},"end":{"line":41,"column":1}}},"s":{"0":1,"1":1,"2":1,"3":1,"4":1,"5":1,"6":1,"7":1,"8":1,"9":1,"10":11,"11":11,"12":11,"13":1,"14":1,"15":1,"16":1,"17":1,"18":1,"19":16,"20":16,"21":16,"22":5,"23":16,"24":11,"25":11,"26":16,"27":1,"28":1,"29":28,"30":28,"31":1,"32":1,"33":11,"34":11,"35":1,"36":1,"37":4,"38":4,"39":1,"40":1},"branchMap":{"0":{"type":"branch","line":10,"loc":{"start":{"line":10,"column":4},"end":{"line":13,"column":9}},"locations":[{"start":{"line":10,"column":4},"end":{"line":13,"column":9}}]},"1":{"type":"branch","line":16,"loc":{"start":{"line":16,"column":4},"end":{"line":16,"column":31}},"locations":[{"start":{"line":16,"column":4},"end":{"line":16,"column":31}}]},"2":{"type":"branch","line":17,"loc":{"start":{"line":17,"column":4},"end":{"line":17,"column":45}},"locations":[{"start":{"line":17,"column":4},"end":{"line":17,"column":45}}]},"3":{"type":"branch","line":19,"loc":{"start":{"line":19,"column":4},"end":{"line":27,"column":5}},"locations":[{"start":{"line":19,"column":4},"end":{"line":27,"column":5}}]},"4":{"type":"branch","line":22,"loc":{"start":{"line":22,"column":31},"end":{"line":24,"column":15}},"locations":[{"start":{"line":22,"column":31},"end":{"line":24,"column":15}}]},"5":{"type":"branch","line":24,"loc":{"start":{"line":24,"column":8},"end":{"line":26,"column":9}},"locations":[{"start":{"line":24,"column":8},"end":{"line":26,"column":9}}]},"6":{"type":"branch","line":29,"loc":{"start":{"line":29,"column":4},"end":{"line":31,"column":5}},"locations":[{"start":{"line":29,"column":4},"end":{"line":31,"column":5}}]},"7":{"type":"branch","line":33,"loc":{"start":{"line":33,"column":4},"end":{"line":35,"column":5}},"locations":[{"start":{"line":33,"column":4},"end":{"line":35,"column":5}}]},"8":{"type":"branch","line":37,"loc":{"start":{"line":37,"column":4},"end":{"line":39,"column":5}},"locations":[{"start":{"line":37,"column":4},"end":{"line":39,"column":5}}]},"9":{"type":"branch","line":38,"loc":{"start":{"line":38,"column":37},"end":{"line":38,"column":61}},"locations":[{"start":{"line":38,"column":37},"end":{"line":38,"column":61}}]},"10":{"type":"branch","line":38,"loc":{"start":{"line":38,"column":49},"end":{"line":38,"column":66}},"locations":[{"start":{"line":38,"column":49},"end":{"line":38,"column":66}}]}},"b":{"0":[11],"1":[1],"2":[5],"3":[16],"4":[5],"5":[11],"6":[28],"7":[11],"8":[4],"9":[3],"10":[1]},"fnMap":{"0":{"name":"GameController","decl":{"start":{"line":10,"column":4},"end":{"line":13,"column":9}},"loc":{"start":{"line":10,"column":4},"end":{"line":13,"column":9}},"line":10},"1":{"name":"get K","decl":{"start":{"line":16,"column":4},"end":{"line":16,"column":31}},"loc":{"start":{"line":16,"column":4},"end":{"line":16,"column":31}},"line":16},"2":{"name":"get whosTurn","decl":{"start":{"line":17,"column":4},"end":{"line":17,"column":45}},"loc":{"start":{"line":17,"column":4},"end":{"line":17,"column":45}},"line":17},"3":{"name":"multiplyK","decl":{"start":{"line":19,"column":4},"end":{"line":27,"column":5}},"loc":{"start":{"line":19,"column":4},"end":{"line":27,"column":5}},"line":19},"4":{"name":"isGameDone","decl":{"start":{"line":29,"column":4},"end":{"line":31,"column":5}},"loc":{"start":{"line":29,"column":4},"end":{"line":31,"column":5}},"line":29},"5":{"name":"changeToNextPlayer","decl":{"start":{"line":33,"column":4},"end":{"line":35,"column":5}},"loc":{"start":{"line":33,"column":4},"end":{"line":35,"column":5}},"line":33},"6":{"name":"getWinner","decl":{"start":{"line":37,"column":4},"end":{"line":39,"column":5}},"loc":{"start":{"line":37,"column":4},"end":{"line":39,"column":5}},"line":37}},"f":{"0":11,"1":1,"2":5,"3":16,"4":28,"5":11,"6":4}}
}
