{"C:\\arcanum\\cs-150-laboratory-exercises\\sequence\\main.ts": {"path":"C:\\arcanum\\cs-150-laboratory-exercises\\sequence\\main.ts","all":false,"statementMap":{"0":{"start":{"line":1,"column":0},"end":{"line":1,"column":3}},"1":{"start":{"line":2,"column":0},"end":{"line":2,"column":59}},"2":{"start":{"line":3,"column":0},"end":{"line":3,"column":61}},"3":{"start":{"line":4,"column":0},"end":{"line":4,"column":33}},"4":{"start":{"line":5,"column":0},"end":{"line":5,"column":3}},"5":{"start":{"line":6,"column":0},"end":{"line":6,"column":38}},"6":{"start":{"line":7,"column":0},"end":{"line":7,"column":55}},"7":{"start":{"line":8,"column":0},"end":{"line":8,"column":35}},"8":{"start":{"line":9,"column":0},"end":{"line":9,"column":3}},"9":{"start":{"line":10,"column":0},"end":{"line":10,"column":54}},"10":{"start":{"line":11,"column":0},"end":{"line":11,"column":37}},"11":{"start":{"line":12,"column":0},"end":{"line":12,"column":31}},"12":{"start":{"line":13,"column":0},"end":{"line":13,"column":0}},"13":{"start":{"line":14,"column":0},"end":{"line":14,"column":75}},"14":{"start":{"line":15,"column":0},"end":{"line":15,"column":35}},"15":{"start":{"line":16,"column":0},"end":{"line":16,"column":32}},"16":{"start":{"line":17,"column":0},"end":{"line":17,"column":0}},"17":{"start":{"line":18,"column":0},"end":{"line":18,"column":43}},"18":{"start":{"line":19,"column":0},"end":{"line":19,"column":42}},"19":{"start":{"line":20,"column":0},"end":{"line":20,"column":35}},"20":{"start":{"line":21,"column":0},"end":{"line":21,"column":16}},"21":{"start":{"line":22,"column":0},"end":{"line":22,"column":35}},"22":{"start":{"line":23,"column":0},"end":{"line":23,"column":37}},"23":{"start":{"line":24,"column":0},"end":{"line":24,"column":26}},"24":{"start":{"line":25,"column":0},"end":{"line":25,"column":9}},"25":{"start":{"line":26,"column":0},"end":{"line":26,"column":5}},"26":{"start":{"line":27,"column":0},"end":{"line":27,"column":0}},"27":{"start":{"line":28,"column":0},"end":{"line":28,"column":71}},"28":{"start":{"line":29,"column":0},"end":{"line":29,"column":26}},"29":{"start":{"line":30,"column":0},"end":{"line":30,"column":48}},"30":{"start":{"line":31,"column":0},"end":{"line":31,"column":33}},"31":{"start":{"line":32,"column":0},"end":{"line":32,"column":5}},"32":{"start":{"line":33,"column":0},"end":{"line":33,"column":0}},"33":{"start":{"line":34,"column":0},"end":{"line":34,"column":17}},"34":{"start":{"line":35,"column":0},"end":{"line":35,"column":1}},"35":{"start":{"line":36,"column":0},"end":{"line":36,"column":0}},"36":{"start":{"line":37,"column":0},"end":{"line":37,"column":13}},"37":{"start":{"line":38,"column":0},"end":{"line":38,"column":44}},"38":{"start":{"line":39,"column":0},"end":{"line":39,"column":30}}},"s":{"0":1,"1":1,"2":1,"3":1,"4":1,"5":1,"6":1,"7":1,"8":1,"9":1,"10":5,"11":5,"12":5,"13":5,"14":5,"15":5,"16":5,"17":5,"18":14,"19":5,"20":14,"21":9,"22":9,"23":9,"24":9,"25":14,"26":5,"27":5,"28":5,"29":5,"30":9,"31":9,"32":5,"33":5,"34":5,"35":1,"36":1,"37":1,"38":1},"branchMap":{"0":{"type":"branch","line":10,"loc":{"start":{"line":10,"column":7},"end":{"line":35,"column":1}},"locations":[{"start":{"line":10,"column":7},"end":{"line":35,"column":1}}]},"1":{"type":"branch","line":18,"loc":{"start":{"line":18,"column":42},"end":{"line":26,"column":5}},"locations":[{"start":{"line":18,"column":42},"end":{"line":26,"column":5}}]},"2":{"type":"branch","line":19,"loc":{"start":{"line":19,"column":41},"end":{"line":21,"column":15}},"locations":[{"start":{"line":19,"column":41},"end":{"line":21,"column":15}}]},"3":{"type":"branch","line":21,"loc":{"start":{"line":21,"column":8},"end":{"line":25,"column":9}},"locations":[{"start":{"line":21,"column":8},"end":{"line":25,"column":9}}]},"4":{"type":"branch","line":30,"loc":{"start":{"line":30,"column":47},"end":{"line":32,"column":5}},"locations":[{"start":{"line":30,"column":47},"end":{"line":32,"column":5}}]},"5":{"type":"branch","line":12,"loc":{"start":{"line":12,"column":14},"end":{"line":12,"column":29}},"locations":[{"start":{"line":12,"column":14},"end":{"line":12,"column":29}}]}},"b":{"0":[5],"1":[14],"2":[5],"3":[9],"4":[9],"5":[21]},"fnMap":{"0":{"name":"computeScore","decl":{"start":{"line":10,"column":7},"end":{"line":35,"column":1}},"loc":{"start":{"line":10,"column":7},"end":{"line":35,"column":1}},"line":10}},"f":{"0":5}}
}
